[debug] [2025-01-12T23:57:25.525Z] ----------------------------------------------------------------------
[debug] [2025-01-12T23:57:25.527Z] Command:       M:\Apps\nodejs\node.exe C:\Users\ASUS\AppData\Roaming\npm\node_modules\firebase-tools\lib\bin\firebase.js init functions
[debug] [2025-01-12T23:57:25.527Z] CLI Version:   13.29.1
[debug] [2025-01-12T23:57:25.527Z] Platform:      win32
[debug] [2025-01-12T23:57:25.527Z] Node Version:  v22.12.0
[debug] [2025-01-12T23:57:25.528Z] Time:          Sun Jan 12 2025 23:57:25 GMT+0000 (Hora padrão da Europa Ocidental)
[debug] [2025-01-12T23:57:25.528Z] ----------------------------------------------------------------------
[debug] 
[debug] [2025-01-12T23:57:25.533Z] > command requires scopes: ["email","openid","https://www.googleapis.com/auth/cloudplatformprojects.readonly","https://www.googleapis.com/auth/firebase","https://www.googleapis.com/auth/cloud-platform"]
[debug] [2025-01-12T23:57:25.533Z] > authorizing via signed-in user (goldtrap004@gmail.com)
[info] 
     ######## #### ########  ######## ########     ###     ######  ########
     ##        ##  ##     ## ##       ##     ##  ##   ##  ##       ##
     ######    ##  ########  ######   ########  #########  ######  ######
     ##        ##  ##    ##  ##       ##     ## ##     ##       ## ##
     ##       #### ##     ## ######## ########  ##     ##  ######  ########

You're about to initialize a Firebase project in this directory:

  M:\Uni\projeto-cm-android\firebase_scripts

[info] 
=== Project Setup
[info] 
[info] First, let's associate this project directory with a Firebase project.
[info] You can create multiple project aliases by running firebase use --add, 
[info] but for now we'll just set up a default project.
[info] 
[debug] [2025-01-12T23:57:28.843Z] Checked if tokens are valid: false, expires at: 1677202206674
[debug] [2025-01-12T23:57:28.843Z] Checked if tokens are valid: false, expires at: 1677202206674
[debug] [2025-01-12T23:57:28.844Z] > refreshing access token with scopes: []
[debug] [2025-01-12T23:57:28.845Z] >>> [apiv2][query] POST https://www.googleapis.com/oauth2/v3/token [none]
[debug] [2025-01-12T23:57:28.845Z] >>> [apiv2][body] POST https://www.googleapis.com/oauth2/v3/token [omitted]
[debug] [2025-01-12T23:57:29.007Z] <<< [apiv2][status] POST https://www.googleapis.com/oauth2/v3/token 400
[debug] [2025-01-12T23:57:29.007Z] <<< [apiv2][body] POST https://www.googleapis.com/oauth2/v3/token [omitted]
[debug] [2025-01-12T23:57:29.007Z] >>> [apiv2][query] GET https://firebase.googleapis.com/v1beta1/projects pageSize=100
[debug] [2025-01-12T23:57:29.130Z] <<< [apiv2][status] GET https://firebase.googleapis.com/v1beta1/projects 401
[debug] [2025-01-12T23:57:29.130Z] <<< [apiv2][body] GET https://firebase.googleapis.com/v1beta1/projects [omitted]
[debug] [2025-01-12T23:57:29.130Z] Got a 401 Unauthenticated error for a call that required authentication. Refreshing tokens.
[debug] [2025-01-12T23:57:29.130Z] Checked if tokens are valid: false, expires at: 1677202206674
[debug] [2025-01-12T23:57:29.130Z] Checked if tokens are valid: false, expires at: 1677202206674
[debug] [2025-01-12T23:57:29.130Z] > refreshing access token with scopes: []
[debug] [2025-01-12T23:57:29.130Z] >>> [apiv2][query] POST https://www.googleapis.com/oauth2/v3/token [none]
[debug] [2025-01-12T23:57:29.130Z] >>> [apiv2][body] POST https://www.googleapis.com/oauth2/v3/token [omitted]
[debug] [2025-01-12T23:57:29.183Z] <<< [apiv2][status] POST https://www.googleapis.com/oauth2/v3/token 400
[debug] [2025-01-12T23:57:29.183Z] <<< [apiv2][body] POST https://www.googleapis.com/oauth2/v3/token [omitted]
[debug] [2025-01-12T23:57:29.184Z] Request to https://firebase.googleapis.com/v1beta1/projects?pageSize=100 had HTTP Error: 401, Request had invalid authentication credentials. Expected OAuth 2 access token, login cookie or other valid authentication credential. See https://developers.google.com/identity/sign-in/web/devconsole-project.
[debug] [2025-01-12T23:57:29.280Z] FirebaseError: Request to https://firebase.googleapis.com/v1beta1/projects?pageSize=100 had HTTP Error: 401, Request had invalid authentication credentials. Expected OAuth 2 access token, login cookie or other valid authentication credential. See https://developers.google.com/identity/sign-in/web/devconsole-project.
    at responseToError (C:\Users\ASUS\AppData\Roaming\npm\node_modules\firebase-tools\lib\responseToError.js:52:12)
    at RetryOperation._fn (C:\Users\ASUS\AppData\Roaming\npm\node_modules\firebase-tools\lib\apiv2.js:312:77)
    at process.processTicksAndRejections (node:internal/process/task_queues:105:5)
[error] 
[error] Error: Failed to list Firebase projects. See firebase-debug.log for more info.
